[0m2021.07.07 10:43:52 INFO  Started: Metals version 0.10.4 in workspace 'C:\Users\George\Desktop\fullStack\React-Mern\Social-media' for client Visual Studio Code 1.57.1.[0m
[0m2021.07.07 10:44:17 INFO  time: initialize in 25s[0m
[0m2021.07.07 10:44:17 WARN  Build server is not auto-connectable.[0m
[0m2021.07.07 10:44:17 WARN  no build tool detected in workspace 'C:\Users\George\Desktop\fullStack\React-Mern\Social-media'. The most common cause for this problem is that the editor was opened in the wrong working directory, for example if you use sbt then the workspace directory should contain build.sbt. [0m
[0m2021.07.07 10:59:12 INFO  shutting down Metals[0m
[0m2021.07.08 09:36:15 INFO  Started: Metals version 0.10.4 in workspace 'C:\Users\George\Desktop\fullStack\React-Mern\Social-media' for client Visual Studio Code 1.57.1.[0m
[0m2021.07.08 09:37:36 INFO  time: initialize in 1m21s[0m
[0m2021.07.08 09:37:36 WARN  Build server is not auto-connectable.[0m
[0m2021.07.08 09:37:36 WARN  no build tool detected in workspace 'C:\Users\George\Desktop\fullStack\React-Mern\Social-media'. The most common cause for this problem is that the editor was opened in the wrong working directory, for example if you use sbt then the workspace directory should contain build.sbt. [0m
[0m2021.07.08 21:39:17 INFO  Started: Metals version 0.10.4 in workspace 'C:\Users\George\Desktop\fullStack\React-Mern\Social-media' for client Visual Studio Code 1.57.1.[0m
[0m2021.07.08 21:39:49 INFO  time: initialize in 33s[0m
[0m2021.07.08 21:39:49 WARN  Build server is not auto-connectable.[0m
[0m2021.07.08 21:39:49 WARN  no build tool detected in workspace 'C:\Users\George\Desktop\fullStack\React-Mern\Social-media'. The most common cause for this problem is that the editor was opened in the wrong working directory, for example if you use sbt then the workspace directory should contain build.sbt. [0m
[0m2021.07.09 21:00:24 INFO  Started: Metals version 0.10.4 in workspace 'C:\Users\George\Desktop\fullStack\React-Mern\Social-media' for client Visual Studio Code 1.57.1.[0m
[0m2021.07.09 21:01:07 INFO  time: initialize in 43s[0m
[0m2021.07.09 21:01:07 WARN  Build server is not auto-connectable.[0m
[0m2021.07.09 21:01:07 WARN  no build tool detected in workspace 'C:\Users\George\Desktop\fullStack\React-Mern\Social-media'. The most common cause for this problem is that the editor was opened in the wrong working directory, for example if you use sbt then the workspace directory should contain build.sbt. [0m
[0m2021.07.10 09:07:05 INFO  Started: Metals version 0.10.4 in workspace 'C:\Users\George\Desktop\fullStack\React-Mern\Social-media' for client Visual Studio Code 1.57.1.[0m
[0m2021.07.10 09:08:27 INFO  time: initialize in 1m24s[0m
[0m2021.07.10 09:08:28 WARN  Build server is not auto-connectable.[0m
[0m2021.07.10 09:08:28 WARN  no build tool detected in workspace 'C:\Users\George\Desktop\fullStack\React-Mern\Social-media'. The most common cause for this problem is that the editor was opened in the wrong working directory, for example if you use sbt then the workspace directory should contain build.sbt. [0m
